<?xml version="1.0" encoding="UTF-8"?>
<coverage generated="1710783799646" clover="3.2.0">
  <project timestamp="1710783799647" name="All files">
    <metrics statements="37" coveredstatements="27" conditionals="11" coveredconditionals="7" methods="13" coveredmethods="7" elements="61" coveredelements="41" complexity="0" loc="37" ncloc="37" packages="2" files="5" classes="5"/>
    <package name="components">
      <metrics statements="36" coveredstatements="26" conditionals="11" coveredconditionals="7" methods="13" coveredmethods="7"/>
      <file name="Catalogo.jsx" path="C:\Users\julia\Documents\IngenieriaSoftware\proyectoIngenieriaSofware\src\components\Catalogo.jsx">
        <metrics statements="22" coveredstatements="16" conditionals="11" coveredconditionals="7" methods="7" coveredmethods="4"/>
        <line num="10" count="1" type="stmt"/>
        <line num="11" count="0" type="stmt"/>
        <line num="14" count="0" type="stmt"/>
        <line num="18" count="1" type="stmt"/>
        <line num="22" count="11" type="stmt"/>
        <line num="24" count="11" type="stmt"/>
        <line num="26" count="11" type="stmt"/>
        <line num="27" count="0" type="stmt"/>
        <line num="30" count="11" type="stmt"/>
        <line num="31" count="0" type="stmt"/>
        <line num="34" count="11" type="stmt"/>
        <line num="35" count="6" type="stmt"/>
        <line num="36" count="6" type="stmt"/>
        <line num="37" count="6" type="stmt"/>
        <line num="39" count="6" type="cond" truecount="1" falsecount="1"/>
        <line num="40" count="6" type="stmt"/>
        <line num="42" count="0" type="stmt"/>
        <line num="45" count="0" type="stmt"/>
        <line num="48" count="6" type="stmt"/>
        <line num="49" count="6" type="stmt"/>
        <line num="52" count="11" type="stmt"/>
        <line num="60" count="15" type="cond" truecount="2" falsecount="1"/>
      </file>
      <file name="Home.jsx" path="C:\Users\julia\Documents\IngenieriaSoftware\proyectoIngenieriaSofware\src\components\Home.jsx">
        <metrics statements="2" coveredstatements="2" conditionals="0" coveredconditionals="0" methods="1" coveredmethods="1"/>
        <line num="5" count="1" type="stmt"/>
        <line num="6" count="1" type="stmt"/>
      </file>
      <file name="ItemProduct.jsx" path="C:\Users\julia\Documents\IngenieriaSoftware\proyectoIngenieriaSofware\src\components\ItemProduct.jsx">
        <metrics statements="4" coveredstatements="3" conditionals="0" coveredconditionals="0" methods="2" coveredmethods="1"/>
        <line num="4" count="1" type="stmt"/>
        <line num="5" count="15" type="stmt"/>
        <line num="6" count="0" type="stmt"/>
        <line num="9" count="15" type="stmt"/>
      </file>
      <file name="SearchBard.jsx" path="C:\Users\julia\Documents\IngenieriaSoftware\proyectoIngenieriaSofware\src\components\SearchBard.jsx">
        <metrics statements="8" coveredstatements="5" conditionals="0" coveredconditionals="0" methods="3" coveredmethods="1"/>
        <line num="5" count="1" type="stmt"/>
        <line num="6" count="11" type="stmt"/>
        <line num="8" count="11" type="stmt"/>
        <line num="9" count="0" type="stmt"/>
        <line num="10" count="0" type="stmt"/>
        <line num="13" count="11" type="stmt"/>
        <line num="15" count="0" type="stmt"/>
        <line num="18" count="11" type="stmt"/>
      </file>
    </package>
    <package name="constants">
      <metrics statements="1" coveredstatements="1" conditionals="0" coveredconditionals="0" methods="0" coveredmethods="0"/>
      <file name="API.js" path="C:\Users\julia\Documents\IngenieriaSoftware\proyectoIngenieriaSofware\src\constants\API.js">
        <metrics statements="1" coveredstatements="1" conditionals="0" coveredconditionals="0" methods="0" coveredmethods="0"/>
        <line num="1" count="1" type="stmt"/>
      </file>
    </package>
  </project>
</coverage>
