{"C:\\Users\\julia\\Documents\\IngenieriaSoftware\\proyectoIngenieriaSofware\\src\\components\\Catalogo.jsx": {"path":"C:\\Users\\julia\\Documents\\IngenieriaSoftware\\proyectoIngenieriaSofware\\src\\components\\Catalogo.jsx","statementMap":{"0":{"start":{"line":10,"column":35},"end":{"line":15,"column":1}},"1":{"start":{"line":11,"column":2},"end":{"line":13,"column":4}},"2":{"start":{"line":14,"column":2},"end":{"line":14,"column":21}},"3":{"start":{"line":18,"column":24},"end":{"line":75,"column":1}},"4":{"start":{"line":22,"column":36},"end":{"line":22,"column":48}},"5":{"start":{"line":24,"column":30},"end":{"line":24,"column":42}},"6":{"start":{"line":26,"column":23},"end":{"line":28,"column":3}},"7":{"start":{"line":27,"column":4},"end":{"line":27,"column":21}},"8":{"start":{"line":30,"column":22},"end":{"line":32,"column":3}},"9":{"start":{"line":31,"column":4},"end":{"line":31,"column":30}},"10":{"start":{"line":34,"column":2},"end":{"line":50,"column":34}},"11":{"start":{"line":35,"column":27},"end":{"line":47,"column":5}},"12":{"start":{"line":36,"column":6},"end":{"line":46,"column":7}},"13":{"start":{"line":37,"column":25},"end":{"line":37,"column":64}},"14":{"start":{"line":39,"column":8},"end":{"line":43,"column":9}},"15":{"start":{"line":40,"column":10},"end":{"line":40,"column":38}},"16":{"start":{"line":42,"column":10},"end":{"line":42,"column":66}},"17":{"start":{"line":45,"column":8},"end":{"line":45,"column":55}},"18":{"start":{"line":48,"column":4},"end":{"line":48,"column":35}},"19":{"start":{"line":49,"column":4},"end":{"line":49,"column":21}},"20":{"start":{"line":52,"column":2},"end":{"line":74,"column":4}},"21":{"start":{"line":60,"column":14},"end":{"line":67,"column":15}}},"fnMap":{"0":{"name":"(anonymous_0)","decl":{"start":{"line":10,"column":35},"end":{"line":10,"column":36}},"loc":{"start":{"line":10,"column":46},"end":{"line":15,"column":1}},"line":10},"1":{"name":"(anonymous_1)","decl":{"start":{"line":18,"column":24},"end":{"line":18,"column":25}},"loc":{"start":{"line":21,"column":6},"end":{"line":75,"column":1}},"line":21},"2":{"name":"(anonymous_2)","decl":{"start":{"line":26,"column":23},"end":{"line":26,"column":24}},"loc":{"start":{"line":26,"column":34},"end":{"line":28,"column":3}},"line":26},"3":{"name":"(anonymous_3)","decl":{"start":{"line":30,"column":22},"end":{"line":30,"column":23}},"loc":{"start":{"line":30,"column":32},"end":{"line":32,"column":3}},"line":30},"4":{"name":"(anonymous_4)","decl":{"start":{"line":34,"column":12},"end":{"line":34,"column":13}},"loc":{"start":{"line":34,"column":18},"end":{"line":50,"column":3}},"line":34},"5":{"name":"(anonymous_5)","decl":{"start":{"line":35,"column":27},"end":{"line":35,"column":28}},"loc":{"start":{"line":35,"column":39},"end":{"line":47,"column":5}},"line":35},"6":{"name":"(anonymous_6)","decl":{"start":{"line":59,"column":12},"end":{"line":59,"column":13}},"loc":{"start":{"line":60,"column":14},"end":{"line":67,"column":15}},"line":60}},"branchMap":{"0":{"loc":{"start":{"line":19,"column":2},"end":{"line":19,"column":50}},"type":"default-arg","locations":[{"start":{"line":19,"column":24},"end":{"line":19,"column":50}}],"line":19},"1":{"loc":{"start":{"line":20,"column":2},"end":{"line":20,"column":24}},"type":"default-arg","locations":[{"start":{"line":20,"column":22},"end":{"line":20,"column":24}}],"line":20},"2":{"loc":{"start":{"line":39,"column":8},"end":{"line":43,"column":9}},"type":"if","locations":[{"start":{"line":39,"column":8},"end":{"line":43,"column":9}},{"start":{"line":41,"column":15},"end":{"line":43,"column":9}}],"line":39},"3":{"loc":{"start":{"line":57,"column":9},"end":{"line":71,"column":9}},"type":"cond-expr","locations":[{"start":{"line":58,"column":10},"end":{"line":68,"column":11}},{"start":{"line":70,"column":10},"end":{"line":70,"column":47}}],"line":57},"4":{"loc":{"start":{"line":57,"column":9},"end":{"line":57,"column":42}},"type":"binary-expr","locations":[{"start":{"line":57,"column":9},"end":{"line":57,"column":18}},{"start":{"line":57,"column":22},"end":{"line":57,"column":42}}],"line":57},"5":{"loc":{"start":{"line":60,"column":14},"end":{"line":67,"column":15}},"type":"binary-expr","locations":[{"start":{"line":60,"column":15},"end":{"line":60,"column":54}},{"start":{"line":61,"column":16},"end":{"line":61,"column":46}},{"start":{"line":62,"column":16},"end":{"line":66,"column":18}}],"line":60}},"s":{"0":1,"1":0,"2":0,"3":1,"4":11,"5":11,"6":11,"7":0,"8":11,"9":0,"10":11,"11":6,"12":6,"13":6,"14":6,"15":6,"16":0,"17":0,"18":6,"19":6,"20":11,"21":15},"f":{"0":0,"1":11,"2":0,"3":0,"4":6,"5":6,"6":15},"b":{"0":[0],"1":[0],"2":[6,0],"3":[5,6],"4":[11,11],"5":[15,0,15]},"_coverageSchema":"1a1c01bbd47fc00a2c39e90264f33305004495a9","hash":"42c6671c784a9b4ac2e5e46af824a9011da5d5d1"}
,"C:\\Users\\julia\\Documents\\IngenieriaSoftware\\proyectoIngenieriaSofware\\src\\components\\Home.jsx": {"path":"C:\\Users\\julia\\Documents\\IngenieriaSoftware\\proyectoIngenieriaSofware\\src\\components\\Home.jsx","statementMap":{"0":{"start":{"line":5,"column":20},"end":{"line":14,"column":1}},"1":{"start":{"line":6,"column":2},"end":{"line":13,"column":4}}},"fnMap":{"0":{"name":"(anonymous_0)","decl":{"start":{"line":5,"column":20},"end":{"line":5,"column":21}},"loc":{"start":{"line":5,"column":26},"end":{"line":14,"column":1}},"line":5}},"branchMap":{},"s":{"0":1,"1":1},"f":{"0":1},"b":{},"_coverageSchema":"1a1c01bbd47fc00a2c39e90264f33305004495a9","hash":"5cbca77a6ebdcb2c723101045a76cfe24f205515"}
,"C:\\Users\\julia\\Documents\\IngenieriaSoftware\\proyectoIngenieriaSofware\\src\\components\\ItemProduct.jsx": {"path":"C:\\Users\\julia\\Documents\\IngenieriaSoftware\\proyectoIngenieriaSofware\\src\\components\\ItemProduct.jsx","statementMap":{"0":{"start":{"line":4,"column":27},"end":{"line":16,"column":1}},"1":{"start":{"line":5,"column":22},"end":{"line":7,"column":3}},"2":{"start":{"line":6,"column":4},"end":{"line":6,"column":22}},"3":{"start":{"line":9,"column":2},"end":{"line":15,"column":4}}},"fnMap":{"0":{"name":"(anonymous_0)","decl":{"start":{"line":4,"column":27},"end":{"line":4,"column":28}},"loc":{"start":{"line":4,"column":54},"end":{"line":16,"column":1}},"line":4},"1":{"name":"(anonymous_1)","decl":{"start":{"line":5,"column":22},"end":{"line":5,"column":23}},"loc":{"start":{"line":5,"column":28},"end":{"line":7,"column":3}},"line":5}},"branchMap":{},"s":{"0":1,"1":15,"2":0,"3":15},"f":{"0":15,"1":0},"b":{},"_coverageSchema":"1a1c01bbd47fc00a2c39e90264f33305004495a9","hash":"950f5265166866f76cea908ae9fc2464cc579c27"}
,"C:\\Users\\julia\\Documents\\IngenieriaSoftware\\proyectoIngenieriaSofware\\src\\components\\SearchBard.jsx": {"path":"C:\\Users\\julia\\Documents\\IngenieriaSoftware\\proyectoIngenieriaSofware\\src\\components\\SearchBard.jsx","statementMap":{"0":{"start":{"line":5,"column":25},"end":{"line":29,"column":1}},"1":{"start":{"line":6,"column":30},"end":{"line":6,"column":42}},"2":{"start":{"line":8,"column":30},"end":{"line":11,"column":5}},"3":{"start":{"line":9,"column":8},"end":{"line":9,"column":37}},"4":{"start":{"line":10,"column":8},"end":{"line":10,"column":36}},"5":{"start":{"line":13,"column":25},"end":{"line":16,"column":5}},"6":{"start":{"line":15,"column":8},"end":{"line":15,"column":24}},"7":{"start":{"line":18,"column":4},"end":{"line":28,"column":6}}},"fnMap":{"0":{"name":"(anonymous_0)","decl":{"start":{"line":5,"column":25},"end":{"line":5,"column":26}},"loc":{"start":{"line":5,"column":43},"end":{"line":29,"column":1}},"line":5},"1":{"name":"(anonymous_1)","decl":{"start":{"line":8,"column":30},"end":{"line":8,"column":31}},"loc":{"start":{"line":8,"column":41},"end":{"line":11,"column":5}},"line":8},"2":{"name":"(anonymous_2)","decl":{"start":{"line":13,"column":25},"end":{"line":13,"column":26}},"loc":{"start":{"line":13,"column":31},"end":{"line":16,"column":5}},"line":13}},"branchMap":{},"s":{"0":1,"1":11,"2":11,"3":0,"4":0,"5":11,"6":0,"7":11},"f":{"0":11,"1":0,"2":0},"b":{},"_coverageSchema":"1a1c01bbd47fc00a2c39e90264f33305004495a9","hash":"2f27d855f4f7a2dd802b0c0f890065e8e9065afa"}
,"C:\\Users\\julia\\Documents\\IngenieriaSoftware\\proyectoIngenieriaSofware\\src\\constants\\API.js": {"path":"C:\\Users\\julia\\Documents\\IngenieriaSoftware\\proyectoIngenieriaSofware\\src\\constants\\API.js","statementMap":{"0":{"start":{"line":1,"column":19},"end":{"line":5,"column":1}}},"fnMap":{},"branchMap":{},"s":{"0":1},"f":{},"b":{},"_coverageSchema":"1a1c01bbd47fc00a2c39e90264f33305004495a9","hash":"7beeabe00c69912a00dc86153a5ba7cd7a1cd837"}
}
