{"C:\\Users\\julia\\Documents\\IngenieriaSoftware\\proyectoIngenieriaSofware\\src\\components\\Catalogo.jsx": {"path":"C:\\Users\\julia\\Documents\\IngenieriaSoftware\\proyectoIngenieriaSofware\\src\\components\\Catalogo.jsx","statementMap":{"0":{"start":{"line":10,"column":35},"end":{"line":15,"column":1}},"1":{"start":{"line":11,"column":2},"end":{"line":13,"column":4}},"2":{"start":{"line":14,"column":2},"end":{"line":14,"column":21}},"3":{"start":{"line":18,"column":24},"end":{"line":75,"column":1}},"4":{"start":{"line":22,"column":36},"end":{"line":22,"column":48}},"5":{"start":{"line":24,"column":30},"end":{"line":24,"column":42}},"6":{"start":{"line":26,"column":23},"end":{"line":28,"column":3}},"7":{"start":{"line":27,"column":4},"end":{"line":27,"column":21}},"8":{"start":{"line":30,"column":22},"end":{"line":32,"column":3}},"9":{"start":{"line":31,"column":4},"end":{"line":31,"column":30}},"10":{"start":{"line":34,"column":2},"end":{"line":50,"column":34}},"11":{"start":{"line":35,"column":27},"end":{"line":47,"column":5}},"12":{"start":{"line":36,"column":6},"end":{"line":46,"column":7}},"13":{"start":{"line":37,"column":25},"end":{"line":37,"column":64}},"14":{"start":{"line":39,"column":8},"end":{"line":43,"column":9}},"15":{"start":{"line":40,"column":10},"end":{"line":40,"column":38}},"16":{"start":{"line":42,"column":10},"end":{"line":42,"column":66}},"17":{"start":{"line":45,"column":8},"end":{"line":45,"column":55}},"18":{"start":{"line":48,"column":4},"end":{"line":48,"column":35}},"19":{"start":{"line":49,"column":4},"end":{"line":49,"column":21}},"20":{"start":{"line":52,"column":2},"end":{"line":74,"column":4}},"21":{"start":{"line":60,"column":14},"end":{"line":67,"column":15}}},"fnMap":{"0":{"name":"(anonymous_0)","decl":{"start":{"line":10,"column":35},"end":{"line":10,"column":36}},"loc":{"start":{"line":10,"column":46},"end":{"line":15,"column":1}},"line":10},"1":{"name":"(anonymous_1)","decl":{"start":{"line":18,"column":24},"end":{"line":18,"column":25}},"loc":{"start":{"line":21,"column":6},"end":{"line":75,"column":1}},"line":21},"2":{"name":"(anonymous_2)","decl":{"start":{"line":26,"column":23},"end":{"line":26,"column":24}},"loc":{"start":{"line":26,"column":34},"end":{"line":28,"column":3}},"line":26},"3":{"name":"(anonymous_3)","decl":{"start":{"line":30,"column":22},"end":{"line":30,"column":23}},"loc":{"start":{"line":30,"column":32},"end":{"line":32,"column":3}},"line":30},"4":{"name":"(anonymous_4)","decl":{"start":{"line":34,"column":12},"end":{"line":34,"column":13}},"loc":{"start":{"line":34,"column":18},"end":{"line":50,"column":3}},"line":34},"5":{"name":"(anonymous_5)","decl":{"start":{"line":35,"column":27},"end":{"line":35,"column":28}},"loc":{"start":{"line":35,"column":39},"end":{"line":47,"column":5}},"line":35},"6":{"name":"(anonymous_6)","decl":{"start":{"line":59,"column":12},"end":{"line":59,"column":13}},"loc":{"start":{"line":60,"column":14},"end":{"line":67,"column":15}},"line":60}},"branchMap":{"0":{"loc":{"start":{"line":19,"column":2},"end":{"line":19,"column":50}},"type":"default-arg","locations":[{"start":{"line":19,"column":24},"end":{"line":19,"column":50}}],"line":19},"1":{"loc":{"start":{"line":20,"column":2},"end":{"line":20,"column":24}},"type":"default-arg","locations":[{"start":{"line":20,"column":22},"end":{"line":20,"column":24}}],"line":20},"2":{"loc":{"start":{"line":39,"column":8},"end":{"line":43,"column":9}},"type":"if","locations":[{"start":{"line":39,"column":8},"end":{"line":43,"column":9}},{"start":{"line":41,"column":15},"end":{"line":43,"column":9}}],"line":39},"3":{"loc":{"start":{"line":57,"column":9},"end":{"line":71,"column":9}},"type":"cond-expr","locations":[{"start":{"line":58,"column":10},"end":{"line":68,"column":11}},{"start":{"line":70,"column":10},"end":{"line":70,"column":47}}],"line":57},"4":{"loc":{"start":{"line":57,"column":9},"end":{"line":57,"column":42}},"type":"binary-expr","locations":[{"start":{"line":57,"column":9},"end":{"line":57,"column":18}},{"start":{"line":57,"column":22},"end":{"line":57,"column":42}}],"line":57},"5":{"loc":{"start":{"line":60,"column":14},"end":{"line":67,"column":15}},"type":"binary-expr","locations":[{"start":{"line":60,"column":15},"end":{"line":60,"column":54}},{"start":{"line":61,"column":16},"end":{"line":61,"column":46}},{"start":{"line":62,"column":16},"end":{"line":66,"column":18}}],"line":60}},"s":{"0":1,"1":0,"2":0,"3":1,"4":1,"5":1,"6":1,"7":0,"8":1,"9":0,"10":1,"11":1,"12":1,"13":1,"14":0,"15":0,"16":0,"17":0,"18":1,"19":1,"20":1,"21":0},"f":{"0":0,"1":1,"2":0,"3":0,"4":1,"5":1,"6":0},"b":{"0":[0],"1":[0],"2":[0,0],"3":[0,1],"4":[1,1],"5":[0,0,0]},"_coverageSchema":"1a1c01bbd47fc00a2c39e90264f33305004495a9","hash":"42c6671c784a9b4ac2e5e46af824a9011da5d5d1"}
,"C:\\Users\\julia\\Documents\\IngenieriaSoftware\\proyectoIngenieriaSofware\\src\\components\\Home.jsx": {"path":"C:\\Users\\julia\\Documents\\IngenieriaSoftware\\proyectoIngenieriaSofware\\src\\components\\Home.jsx","statementMap":{"0":{"start":{"line":9,"column":22},"end":{"line":12,"column":1}},"1":{"start":{"line":10,"column":21},"end":{"line":10,"column":49}},"2":{"start":{"line":11,"column":2},"end":{"line":11,"column":61}},"3":{"start":{"line":14,"column":19},"end":{"line":16,"column":1}},"4":{"start":{"line":15,"column":2},"end":{"line":15,"column":57}},"5":{"start":{"line":18,"column":43},"end":{"line":18,"column":55}},"6":{"start":{"line":19,"column":30},"end":{"line":21,"column":3}},"7":{"start":{"line":20,"column":4},"end":{"line":20,"column":29}},"8":{"start":{"line":22,"column":2},"end":{"line":58,"column":4}}},"fnMap":{"0":{"name":"(anonymous_0)","decl":{"start":{"line":9,"column":22},"end":{"line":9,"column":23}},"loc":{"start":{"line":9,"column":42},"end":{"line":12,"column":1}},"line":9},"1":{"name":"(anonymous_1)","decl":{"start":{"line":14,"column":19},"end":{"line":14,"column":20}},"loc":{"start":{"line":14,"column":39},"end":{"line":16,"column":1}},"line":14},"2":{"name":"Home","decl":{"start":{"line":17,"column":16},"end":{"line":17,"column":20}},"loc":{"start":{"line":17,"column":23},"end":{"line":59,"column":1}},"line":17},"3":{"name":"(anonymous_3)","decl":{"start":{"line":19,"column":30},"end":{"line":19,"column":31}},"loc":{"start":{"line":19,"column":47},"end":{"line":21,"column":3}},"line":19}},"branchMap":{"0":{"loc":{"start":{"line":45,"column":9},"end":{"line":55,"column":9}},"type":"binary-expr","locations":[{"start":{"line":45,"column":9},"end":{"line":45,"column":37}},{"start":{"line":46,"column":10},"end":{"line":54,"column":26}}],"line":45}},"s":{"0":1,"1":0,"2":0,"3":1,"4":0,"5":1,"6":1,"7":0,"8":1},"f":{"0":0,"1":0,"2":1,"3":0},"b":{"0":[1,0]},"_coverageSchema":"1a1c01bbd47fc00a2c39e90264f33305004495a9","hash":"4f0a28caff857f3635f3856ca562c0a9d0eb2fc0"}
,"C:\\Users\\julia\\Documents\\IngenieriaSoftware\\proyectoIngenieriaSofware\\src\\components\\ItemProduct.jsx": {"path":"C:\\Users\\julia\\Documents\\IngenieriaSoftware\\proyectoIngenieriaSofware\\src\\components\\ItemProduct.jsx","statementMap":{"0":{"start":{"line":4,"column":27},"end":{"line":16,"column":1}},"1":{"start":{"line":5,"column":22},"end":{"line":7,"column":3}},"2":{"start":{"line":6,"column":4},"end":{"line":6,"column":22}},"3":{"start":{"line":9,"column":2},"end":{"line":15,"column":4}}},"fnMap":{"0":{"name":"(anonymous_0)","decl":{"start":{"line":4,"column":27},"end":{"line":4,"column":28}},"loc":{"start":{"line":4,"column":54},"end":{"line":16,"column":1}},"line":4},"1":{"name":"(anonymous_1)","decl":{"start":{"line":5,"column":22},"end":{"line":5,"column":23}},"loc":{"start":{"line":5,"column":28},"end":{"line":7,"column":3}},"line":5}},"branchMap":{},"s":{"0":1,"1":0,"2":0,"3":0},"f":{"0":0,"1":0},"b":{},"_coverageSchema":"1a1c01bbd47fc00a2c39e90264f33305004495a9","hash":"950f5265166866f76cea908ae9fc2464cc579c27"}
,"C:\\Users\\julia\\Documents\\IngenieriaSoftware\\proyectoIngenieriaSofware\\src\\components\\ManageProduct.jsx": {"path":"C:\\Users\\julia\\Documents\\IngenieriaSoftware\\proyectoIngenieriaSofware\\src\\components\\ManageProduct.jsx","statementMap":{"0":{"start":{"line":7,"column":29},"end":{"line":124,"column":1}},"1":{"start":{"line":14,"column":34},"end":{"line":19,"column":4}},"2":{"start":{"line":21,"column":28},"end":{"line":25,"column":4}},"3":{"start":{"line":27,"column":23},"end":{"line":40,"column":3}},"4":{"start":{"line":28,"column":28},"end":{"line":28,"column":36}},"5":{"start":{"line":29,"column":21},"end":{"line":29,"column":60}},"6":{"start":{"line":31,"column":4},"end":{"line":37,"column":7}},"7":{"start":{"line":38,"column":4},"end":{"line":39,"column":74}},"8":{"start":{"line":39,"column":6},"end":{"line":39,"column":74}},"9":{"start":{"line":39,"column":37},"end":{"line":39,"column":71}},"10":{"start":{"line":42,"column":23},"end":{"line":62,"column":3}},"11":{"start":{"line":43,"column":4},"end":{"line":43,"column":23}},"12":{"start":{"line":45,"column":4},"end":{"line":61,"column":5}},"13":{"start":{"line":46,"column":6},"end":{"line":46,"column":50}},"14":{"start":{"line":47,"column":6},"end":{"line":52,"column":11}},"15":{"start":{"line":48,"column":8},"end":{"line":52,"column":11}},"16":{"start":{"line":53,"column":6},"end":{"line":53,"column":39}},"17":{"start":{"line":55,"column":6},"end":{"line":55,"column":25}},"18":{"start":{"line":56,"column":6},"end":{"line":60,"column":9}},"19":{"start":{"line":65,"column":2},"end":{"line":123,"column":4}}},"fnMap":{"0":{"name":"(anonymous_0)","decl":{"start":{"line":7,"column":29},"end":{"line":7,"column":30}},"loc":{"start":{"line":13,"column":6},"end":{"line":124,"column":1}},"line":13},"1":{"name":"(anonymous_1)","decl":{"start":{"line":27,"column":23},"end":{"line":27,"column":24}},"loc":{"start":{"line":27,"column":30},"end":{"line":40,"column":3}},"line":27},"2":{"name":"(anonymous_2)","decl":{"start":{"line":39,"column":18},"end":{"line":39,"column":19}},"loc":{"start":{"line":39,"column":37},"end":{"line":39,"column":71}},"line":39},"3":{"name":"(anonymous_3)","decl":{"start":{"line":42,"column":23},"end":{"line":42,"column":24}},"loc":{"start":{"line":42,"column":36},"end":{"line":62,"column":3}},"line":42}},"branchMap":{"0":{"loc":{"start":{"line":15,"column":8},"end":{"line":15,"column":33}},"type":"cond-expr","locations":[{"start":{"line":15,"column":18},"end":{"line":15,"column":28}},{"start":{"line":15,"column":31},"end":{"line":15,"column":33}}],"line":15},"1":{"loc":{"start":{"line":16,"column":12},"end":{"line":16,"column":37}},"type":"cond-expr","locations":[{"start":{"line":16,"column":22},"end":{"line":16,"column":32}},{"start":{"line":16,"column":35},"end":{"line":16,"column":37}}],"line":16},"2":{"loc":{"start":{"line":17,"column":17},"end":{"line":17,"column":42}},"type":"cond-expr","locations":[{"start":{"line":17,"column":27},"end":{"line":17,"column":37}},{"start":{"line":17,"column":40},"end":{"line":17,"column":42}}],"line":17},"3":{"loc":{"start":{"line":18,"column":12},"end":{"line":18,"column":37}},"type":"cond-expr","locations":[{"start":{"line":18,"column":22},"end":{"line":18,"column":32}},{"start":{"line":18,"column":35},"end":{"line":18,"column":37}}],"line":18},"4":{"loc":{"start":{"line":34,"column":17},"end":{"line":36,"column":39}},"type":"cond-expr","locations":[{"start":{"line":35,"column":10},"end":{"line":35,"column":33}},{"start":{"line":36,"column":10},"end":{"line":36,"column":39}}],"line":34},"5":{"loc":{"start":{"line":38,"column":4},"end":{"line":39,"column":74}},"type":"if","locations":[{"start":{"line":38,"column":4},"end":{"line":39,"column":74}},{"start":{},"end":{}}],"line":38},"6":{"loc":{"start":{"line":38,"column":8},"end":{"line":38,"column":48}},"type":"binary-expr","locations":[{"start":{"line":38,"column":8},"end":{"line":38,"column":24}},{"start":{"line":38,"column":28},"end":{"line":38,"column":48}}],"line":38},"7":{"loc":{"start":{"line":47,"column":6},"end":{"line":52,"column":11}},"type":"if","locations":[{"start":{"line":47,"column":6},"end":{"line":52,"column":11}},{"start":{},"end":{}}],"line":47},"8":{"loc":{"start":{"line":53,"column":6},"end":{"line":53,"column":38}},"type":"binary-expr","locations":[{"start":{"line":53,"column":6},"end":{"line":53,"column":18}},{"start":{"line":53,"column":22},"end":{"line":53,"column":38}}],"line":53},"9":{"loc":{"start":{"line":69,"column":9},"end":{"line":69,"column":43}},"type":"cond-expr","locations":[{"start":{"line":69,"column":17},"end":{"line":69,"column":22}},{"start":{"line":69,"column":25},"end":{"line":69,"column":43}}],"line":69},"10":{"loc":{"start":{"line":72,"column":9},"end":{"line":82,"column":9}},"type":"binary-expr","locations":[{"start":{"line":72,"column":9},"end":{"line":72,"column":15}},{"start":{"line":73,"column":10},"end":{"line":81,"column":18}}],"line":72},"11":{"loc":{"start":{"line":117,"column":11},"end":{"line":117,"column":45}},"type":"cond-expr","locations":[{"start":{"line":117,"column":19},"end":{"line":117,"column":24}},{"start":{"line":117,"column":27},"end":{"line":117,"column":45}}],"line":117}},"s":{"0":1,"1":1,"2":1,"3":1,"4":0,"5":0,"6":0,"7":0,"8":0,"9":0,"10":1,"11":0,"12":0,"13":0,"14":0,"15":0,"16":0,"17":0,"18":0,"19":1},"f":{"0":1,"1":0,"2":0,"3":0},"b":{"0":[0,1],"1":[0,1],"2":[0,1],"3":[0,1],"4":[0,0],"5":[0,0],"6":[0,0],"7":[0,0],"8":[0,0],"9":[0,1],"10":[1,1],"11":[0,1]},"_coverageSchema":"1a1c01bbd47fc00a2c39e90264f33305004495a9","hash":"e8b61008d93f0d9a56ee4b9dc34a743ccaf8effe"}
,"C:\\Users\\julia\\Documents\\IngenieriaSoftware\\proyectoIngenieriaSofware\\src\\components\\searchBard.jsx": {"path":"C:\\Users\\julia\\Documents\\IngenieriaSoftware\\proyectoIngenieriaSofware\\src\\components\\searchBard.jsx","statementMap":{"0":{"start":{"line":5,"column":25},"end":{"line":28,"column":1}},"1":{"start":{"line":6,"column":28},"end":{"line":6,"column":40}},"2":{"start":{"line":8,"column":28},"end":{"line":11,"column":3}},"3":{"start":{"line":9,"column":4},"end":{"line":9,"column":33}},"4":{"start":{"line":10,"column":4},"end":{"line":10,"column":33}},"5":{"start":{"line":13,"column":23},"end":{"line":15,"column":3}},"6":{"start":{"line":14,"column":4},"end":{"line":14,"column":20}},"7":{"start":{"line":17,"column":2},"end":{"line":27,"column":4}}},"fnMap":{"0":{"name":"(anonymous_0)","decl":{"start":{"line":5,"column":25},"end":{"line":5,"column":26}},"loc":{"start":{"line":5,"column":43},"end":{"line":28,"column":1}},"line":5},"1":{"name":"(anonymous_1)","decl":{"start":{"line":8,"column":28},"end":{"line":8,"column":29}},"loc":{"start":{"line":8,"column":39},"end":{"line":11,"column":3}},"line":8},"2":{"name":"(anonymous_2)","decl":{"start":{"line":13,"column":23},"end":{"line":13,"column":24}},"loc":{"start":{"line":13,"column":29},"end":{"line":15,"column":3}},"line":13}},"branchMap":{},"s":{"0":1,"1":1,"2":1,"3":0,"4":0,"5":1,"6":0,"7":1},"f":{"0":1,"1":0,"2":0},"b":{},"_coverageSchema":"1a1c01bbd47fc00a2c39e90264f33305004495a9","hash":"a1be11cb81a9587624004f52b34d37568403b275"}
,"C:\\Users\\julia\\Documents\\IngenieriaSoftware\\proyectoIngenieriaSofware\\src\\constants\\API.js": {"path":"C:\\Users\\julia\\Documents\\IngenieriaSoftware\\proyectoIngenieriaSofware\\src\\constants\\API.js","statementMap":{"0":{"start":{"line":1,"column":19},"end":{"line":5,"column":1}}},"fnMap":{},"branchMap":{},"s":{"0":1},"f":{},"b":{},"_coverageSchema":"1a1c01bbd47fc00a2c39e90264f33305004495a9","hash":"7beeabe00c69912a00dc86153a5ba7cd7a1cd837"}
,"C:\\Users\\julia\\Documents\\IngenieriaSoftware\\proyectoIngenieriaSofware\\src\\helpers\\validations.js": {"path":"C:\\Users\\julia\\Documents\\IngenieriaSoftware\\proyectoIngenieriaSofware\\src\\helpers\\validations.js","statementMap":{"0":{"start":{"line":5,"column":4},"end":{"line":5,"column":27}},"1":{"start":{"line":6,"column":4},"end":{"line":6,"column":27}},"2":{"start":{"line":10,"column":42},"end":{"line":55,"column":1}},"3":{"start":{"line":11,"column":2},"end":{"line":53,"column":3}},"4":{"start":{"line":13,"column":6},"end":{"line":14,"column":60}},"5":{"start":{"line":14,"column":8},"end":{"line":14,"column":60}},"6":{"start":{"line":15,"column":17},"end":{"line":15,"column":36}},"7":{"start":{"line":17,"column":6},"end":{"line":21,"column":10}},"8":{"start":{"line":18,"column":8},"end":{"line":21,"column":10}},"9":{"start":{"line":23,"column":6},"end":{"line":27,"column":10}},"10":{"start":{"line":24,"column":8},"end":{"line":27,"column":10}},"11":{"start":{"line":29,"column":6},"end":{"line":29,"column":72}},"12":{"start":{"line":29,"column":18},"end":{"line":29,"column":72}},"13":{"start":{"line":31,"column":6},"end":{"line":31,"column":43}},"14":{"start":{"line":34,"column":6},"end":{"line":35,"column":64}},"15":{"start":{"line":35,"column":8},"end":{"line":35,"column":64}},"16":{"start":{"line":36,"column":21},"end":{"line":36,"column":40}},"17":{"start":{"line":38,"column":6},"end":{"line":42,"column":10}},"18":{"start":{"line":39,"column":8},"end":{"line":42,"column":10}},"19":{"start":{"line":44,"column":6},"end":{"line":48,"column":10}},"20":{"start":{"line":45,"column":8},"end":{"line":48,"column":10}},"21":{"start":{"line":49,"column":6},"end":{"line":50,"column":69}},"22":{"start":{"line":50,"column":8},"end":{"line":50,"column":69}},"23":{"start":{"line":52,"column":6},"end":{"line":52,"column":43}},"24":{"start":{"line":54,"column":2},"end":{"line":54,"column":39}}},"fnMap":{"0":{"name":"(anonymous_0)","decl":{"start":{"line":4,"column":2},"end":{"line":4,"column":3}},"loc":{"start":{"line":4,"column":32},"end":{"line":7,"column":3}},"line":4},"1":{"name":"(anonymous_1)","decl":{"start":{"line":10,"column":42},"end":{"line":10,"column":43}},"loc":{"start":{"line":10,"column":63},"end":{"line":55,"column":1}},"line":10}},"branchMap":{"0":{"loc":{"start":{"line":11,"column":2},"end":{"line":53,"column":3}},"type":"switch","locations":[{"start":{"line":12,"column":4},"end":{"line":31,"column":43}},{"start":{"line":33,"column":4},"end":{"line":52,"column":43}}],"line":11},"1":{"loc":{"start":{"line":13,"column":6},"end":{"line":14,"column":60}},"type":"if","locations":[{"start":{"line":13,"column":6},"end":{"line":14,"column":60}},{"start":{},"end":{}}],"line":13},"2":{"loc":{"start":{"line":17,"column":6},"end":{"line":21,"column":10}},"type":"if","locations":[{"start":{"line":17,"column":6},"end":{"line":21,"column":10}},{"start":{},"end":{}}],"line":17},"3":{"loc":{"start":{"line":17,"column":10},"end":{"line":17,"column":26}},"type":"binary-expr","locations":[{"start":{"line":17,"column":10},"end":{"line":17,"column":19}},{"start":{"line":17,"column":23},"end":{"line":17,"column":26}}],"line":17},"4":{"loc":{"start":{"line":23,"column":6},"end":{"line":27,"column":10}},"type":"if","locations":[{"start":{"line":23,"column":6},"end":{"line":27,"column":10}},{"start":{},"end":{}}],"line":23},"5":{"loc":{"start":{"line":29,"column":6},"end":{"line":29,"column":72}},"type":"if","locations":[{"start":{"line":29,"column":6},"end":{"line":29,"column":72}},{"start":{},"end":{}}],"line":29},"6":{"loc":{"start":{"line":34,"column":6},"end":{"line":35,"column":64}},"type":"if","locations":[{"start":{"line":34,"column":6},"end":{"line":35,"column":64}},{"start":{},"end":{}}],"line":34},"7":{"loc":{"start":{"line":38,"column":6},"end":{"line":42,"column":10}},"type":"if","locations":[{"start":{"line":38,"column":6},"end":{"line":42,"column":10}},{"start":{},"end":{}}],"line":38},"8":{"loc":{"start":{"line":38,"column":10},"end":{"line":38,"column":34}},"type":"binary-expr","locations":[{"start":{"line":38,"column":10},"end":{"line":38,"column":23}},{"start":{"line":38,"column":27},"end":{"line":38,"column":34}}],"line":38},"9":{"loc":{"start":{"line":44,"column":6},"end":{"line":48,"column":10}},"type":"if","locations":[{"start":{"line":44,"column":6},"end":{"line":48,"column":10}},{"start":{},"end":{}}],"line":44},"10":{"loc":{"start":{"line":49,"column":6},"end":{"line":50,"column":69}},"type":"if","locations":[{"start":{"line":49,"column":6},"end":{"line":50,"column":69}},{"start":{},"end":{}}],"line":49}},"s":{"0":0,"1":0,"2":1,"3":0,"4":0,"5":0,"6":0,"7":0,"8":0,"9":0,"10":0,"11":0,"12":0,"13":0,"14":0,"15":0,"16":0,"17":0,"18":0,"19":0,"20":0,"21":0,"22":0,"23":0,"24":0},"f":{"0":0,"1":0},"b":{"0":[0,0],"1":[0,0],"2":[0,0],"3":[0,0],"4":[0,0],"5":[0,0],"6":[0,0],"7":[0,0],"8":[0,0],"9":[0,0],"10":[0,0]},"_coverageSchema":"1a1c01bbd47fc00a2c39e90264f33305004495a9","hash":"6f9978798b52fb990d393716472e70b4da799ea3"}
}
