TN:
SF:src\components\Catalogo.jsx
FN:10,(anonymous_0)
FN:18,(anonymous_1)
FN:26,(anonymous_2)
FN:30,(anonymous_3)
FN:34,(anonymous_4)
FN:35,(anonymous_5)
FN:59,(anonymous_6)
FNF:7
FNH:4
FNDA:0,(anonymous_0)
FNDA:11,(anonymous_1)
FNDA:0,(anonymous_2)
FNDA:0,(anonymous_3)
FNDA:6,(anonymous_4)
FNDA:6,(anonymous_5)
FNDA:15,(anonymous_6)
DA:10,1
DA:11,0
DA:14,0
DA:18,1
DA:22,11
DA:24,11
DA:26,11
DA:27,0
DA:30,11
DA:31,0
DA:34,11
DA:35,6
DA:36,6
DA:37,6
DA:39,6
DA:40,6
DA:42,0
DA:45,0
DA:48,6
DA:49,6
DA:52,11
DA:60,15
LF:22
LH:16
BRDA:19,0,0,0
BRDA:20,1,0,0
BRDA:39,2,0,6
BRDA:39,2,1,0
BRDA:57,3,0,5
BRDA:57,3,1,6
BRDA:57,4,0,11
BRDA:57,4,1,11
BRDA:60,5,0,15
BRDA:60,5,1,0
BRDA:60,5,2,15
BRF:11
BRH:7
end_of_record
TN:
SF:src\components\Home.jsx
FN:5,(anonymous_0)
FNF:1
FNH:1
FNDA:1,(anonymous_0)
DA:5,1
DA:6,1
LF:2
LH:2
BRF:0
BRH:0
end_of_record
TN:
SF:src\components\ItemProduct.jsx
FN:4,(anonymous_0)
FN:5,(anonymous_1)
FNF:2
FNH:1
FNDA:15,(anonymous_0)
FNDA:0,(anonymous_1)
DA:4,1
DA:5,15
DA:6,0
DA:9,15
LF:4
LH:3
BRF:0
BRH:0
end_of_record
TN:
SF:src\components\SearchBard.jsx
FN:5,(anonymous_0)
FN:8,(anonymous_1)
FN:13,(anonymous_2)
FNF:3
FNH:1
FNDA:11,(anonymous_0)
FNDA:0,(anonymous_1)
FNDA:0,(anonymous_2)
DA:5,1
DA:6,11
DA:8,11
DA:9,0
DA:10,0
DA:13,11
DA:15,0
DA:18,11
LF:8
LH:5
BRF:0
BRH:0
end_of_record
TN:
SF:src\constants\API.js
FNF:0
FNH:0
DA:1,1
LF:1
LH:1
BRF:0
BRH:0
end_of_record
